This file contains any messages produced by compilers while
running configure, to aid debugging if configure makes a mistake.

It was created by trilearn__base_sources configure 3.3, which was
generated by GNU Autoconf 2.61.  Invocation command line was

  $ ./configure 

## --------- ##
## Platform. ##
## --------- ##

hostname = karen
uname -m = x86_64
uname -r = 5.2.0-10-generic
uname -s = Linux
uname -v = #11-Ubuntu SMP Tue Jul 30 19:19:46 UTC 2019

/usr/bin/uname -p = x86_64
/bin/uname -X     = unknown

/bin/arch              = x86_64
/usr/bin/arch -k       = unknown
/usr/convex/getsysinfo = unknown
/usr/bin/hostinfo      = unknown
/bin/machine           = unknown
/usr/bin/oslevel       = unknown
/bin/universe          = unknown

PATH: /usr/local/sbin
PATH: /usr/local/bin
PATH: /usr/sbin
PATH: /usr/bin
PATH: /sbin
PATH: /bin
PATH: /usr/games
PATH: /usr/local/games
PATH: /snap/bin


## ----------- ##
## Core tests. ##
## ----------- ##

configure:1977: checking for a BSD-compatible install
configure:2033: result: /usr/bin/install -c
configure:2044: checking whether build environment is sane
configure:2087: result: yes
configure:2115: checking for a thread-safe mkdir -p
configure:2154: result: /usr/bin/mkdir -p
configure:2167: checking for gawk
configure:2197: result: no
configure:2167: checking for mawk
configure:2183: found /usr/bin/mawk
configure:2194: result: mawk
configure:2205: checking whether make sets $(MAKE)
configure:2226: result: yes
configure:2466: checking for gcc
configure:2482: found /usr/bin/gcc
configure:2493: result: gcc
configure:2731: checking for C compiler version
configure:2738: gcc --version >&5
gcc (Ubuntu 9.2.1-4ubuntu1) 9.2.1 20190821
Copyright (C) 2019 Free Software Foundation, Inc.
This is free software; see the source for copying conditions.  There is NO
warranty; not even for MERCHANTABILITY or FITNESS FOR A PARTICULAR PURPOSE.

configure:2741: $? = 0
configure:2748: gcc -v >&5
Using built-in specs.
COLLECT_GCC=gcc
COLLECT_LTO_WRAPPER=/usr/lib/gcc/x86_64-linux-gnu/9/lto-wrapper
OFFLOAD_TARGET_NAMES=nvptx-none:hsa
OFFLOAD_TARGET_DEFAULT=1
Target: x86_64-linux-gnu
Configured with: ../src/configure -v --with-pkgversion='Ubuntu 9.2.1-4ubuntu1' --with-bugurl=file:///usr/share/doc/gcc-9/README.Bugs --enable-languages=c,ada,c++,go,brig,d,fortran,objc,obj-c++,gm2 --prefix=/usr --with-gcc-major-version-only --program-suffix=-9 --program-prefix=x86_64-linux-gnu- --enable-shared --enable-linker-build-id --libexecdir=/usr/lib --without-included-gettext --enable-threads=posix --libdir=/usr/lib --enable-nls --enable-bootstrap --enable-clocale=gnu --enable-libstdcxx-debug --enable-libstdcxx-time=yes --with-default-libstdcxx-abi=new --enable-gnu-unique-object --disable-vtable-verify --enable-plugin --enable-default-pie --with-system-zlib --with-target-system-zlib=auto --enable-multiarch --disable-werror --with-arch-32=i686 --with-abi=m64 --with-multilib-list=m32,m64,mx32 --enable-multilib --with-tune=generic --enable-offload-targets=nvptx-none,hsa --without-cuda-driver --enable-checking=release --build=x86_64-linux-gnu --host=x86_64-linux-gnu --target=x86_64-linux-gnu
Thread model: posix
gcc version 9.2.1 20190821 (Ubuntu 9.2.1-4ubuntu1) 
configure:2751: $? = 0
configure:2758: gcc -V >&5
gcc: error: unrecognized command line option '-V'
gcc: fatal error: no input files
compilation terminated.
configure:2761: $? = 1
configure:2784: checking for C compiler default output file name
configure:2811: gcc    conftest.c  >&5
configure:2814: $? = 0
configure:2852: result: a.out
configure:2869: checking whether the C compiler works
configure:2879: ./a.out
configure:2882: $? = 0
configure:2899: result: yes
configure:2906: checking whether we are cross compiling
configure:2908: result: no
configure:2911: checking for suffix of executables
configure:2918: gcc -o conftest    conftest.c  >&5
configure:2921: $? = 0
configure:2945: result: 
configure:2951: checking for suffix of object files
configure:2977: gcc -c   conftest.c >&5
configure:2980: $? = 0
configure:3003: result: o
configure:3007: checking whether we are using the GNU C compiler
configure:3036: gcc -c   conftest.c >&5
configure:3042: $? = 0
configure:3059: result: yes
configure:3064: checking whether gcc accepts -g
configure:3094: gcc -c -g  conftest.c >&5
configure:3100: $? = 0
configure:3199: result: yes
configure:3216: checking for gcc option to accept ISO C89
configure:3290: gcc  -c -g -O2  conftest.c >&5
configure:3296: $? = 0
configure:3319: result: none needed
configure:3348: checking for style of include used by make
configure:3376: result: GNU
configure:3401: checking dependency style of gcc
configure:3492: result: gcc3
configure:3565: checking for g++
configure:3581: found /usr/bin/g++
configure:3592: result: g++
configure:3623: checking for C++ compiler version
configure:3630: g++ --version >&5
g++ (Ubuntu 9.2.1-4ubuntu1) 9.2.1 20190821
Copyright (C) 2019 Free Software Foundation, Inc.
This is free software; see the source for copying conditions.  There is NO
warranty; not even for MERCHANTABILITY or FITNESS FOR A PARTICULAR PURPOSE.

configure:3633: $? = 0
configure:3640: g++ -v >&5
Using built-in specs.
COLLECT_GCC=g++
COLLECT_LTO_WRAPPER=/usr/lib/gcc/x86_64-linux-gnu/9/lto-wrapper
OFFLOAD_TARGET_NAMES=nvptx-none:hsa
OFFLOAD_TARGET_DEFAULT=1
Target: x86_64-linux-gnu
Configured with: ../src/configure -v --with-pkgversion='Ubuntu 9.2.1-4ubuntu1' --with-bugurl=file:///usr/share/doc/gcc-9/README.Bugs --enable-languages=c,ada,c++,go,brig,d,fortran,objc,obj-c++,gm2 --prefix=/usr --with-gcc-major-version-only --program-suffix=-9 --program-prefix=x86_64-linux-gnu- --enable-shared --enable-linker-build-id --libexecdir=/usr/lib --without-included-gettext --enable-threads=posix --libdir=/usr/lib --enable-nls --enable-bootstrap --enable-clocale=gnu --enable-libstdcxx-debug --enable-libstdcxx-time=yes --with-default-libstdcxx-abi=new --enable-gnu-unique-object --disable-vtable-verify --enable-plugin --enable-default-pie --with-system-zlib --with-target-system-zlib=auto --enable-multiarch --disable-werror --with-arch-32=i686 --with-abi=m64 --with-multilib-list=m32,m64,mx32 --enable-multilib --with-tune=generic --enable-offload-targets=nvptx-none,hsa --without-cuda-driver --enable-checking=release --build=x86_64-linux-gnu --host=x86_64-linux-gnu --target=x86_64-linux-gnu
Thread model: posix
gcc version 9.2.1 20190821 (Ubuntu 9.2.1-4ubuntu1) 
configure:3643: $? = 0
configure:3650: g++ -V >&5
g++: error: unrecognized command line option '-V'
g++: fatal error: no input files
compilation terminated.
configure:3653: $? = 1
configure:3656: checking whether we are using the GNU C++ compiler
configure:3685: g++ -c   conftest.cpp >&5
configure:3691: $? = 0
configure:3708: result: yes
configure:3713: checking whether g++ accepts -g
configure:3743: g++ -c -g  conftest.cpp >&5
configure:3749: $? = 0
configure:3848: result: yes
configure:3873: checking dependency style of g++
configure:3964: result: gcc3
configure:4057: checking build system type
configure:4075: result: x86_64-unknown-linux-gnu
configure:4097: checking host system type
configure:4112: result: x86_64-unknown-linux-gnu
configure:4134: checking for a sed that does not truncate output
configure:4190: result: /usr/bin/sed
configure:4193: checking for grep that handles long lines and -e
configure:4267: result: /usr/bin/grep
configure:4272: checking for egrep
configure:4350: result: /usr/bin/grep -E
configure:4366: checking for ld used by gcc
configure:4433: result: /usr/bin/ld
configure:4442: checking if the linker (/usr/bin/ld) is GNU ld
configure:4457: result: yes
configure:4462: checking for /usr/bin/ld option to reload object files
configure:4469: result: -r
configure:4487: checking for BSD-compatible nm
configure:4536: result: /usr/bin/nm -B
configure:4540: checking whether ln -s works
configure:4544: result: yes
configure:4551: checking how to recognize dependent libraries
configure:4737: result: pass_all
configure:4826: gcc -c -g -O2  conftest.c >&5
configure:4829: $? = 0
configure:4982: checking how to run the C preprocessor
configure:5022: gcc -E  conftest.c
configure:5028: $? = 0
configure:5059: gcc -E  conftest.c
conftest.c:10:10: fatal error: ac_nonexistent.h: No such file or directory
   10 | #include <ac_nonexistent.h>
      |          ^~~~~~~~~~~~~~~~~~
compilation terminated.
configure:5065: $? = 1
configure: failed program was:
| /* confdefs.h.  */
| #define PACKAGE_NAME "trilearn__base_sources"
| #define PACKAGE_TARNAME "trilearn__base_sources"
| #define PACKAGE_VERSION "3.3"
| #define PACKAGE_STRING "trilearn__base_sources 3.3"
| #define PACKAGE_BUGREPORT "jellekok@science.uva.nl"
| #define PACKAGE "trilearn_base_sources"
| #define VERSION "3.3"
| /* end confdefs.h.  */
| #include <ac_nonexistent.h>
configure:5098: result: gcc -E
configure:5127: gcc -E  conftest.c
configure:5133: $? = 0
configure:5164: gcc -E  conftest.c
conftest.c:10:10: fatal error: ac_nonexistent.h: No such file or directory
   10 | #include <ac_nonexistent.h>
      |          ^~~~~~~~~~~~~~~~~~
compilation terminated.
configure:5170: $? = 1
configure: failed program was:
| /* confdefs.h.  */
| #define PACKAGE_NAME "trilearn__base_sources"
| #define PACKAGE_TARNAME "trilearn__base_sources"
| #define PACKAGE_VERSION "3.3"
| #define PACKAGE_STRING "trilearn__base_sources 3.3"
| #define PACKAGE_BUGREPORT "jellekok@science.uva.nl"
| #define PACKAGE "trilearn_base_sources"
| #define VERSION "3.3"
| /* end confdefs.h.  */
| #include <ac_nonexistent.h>
configure:5208: checking for ANSI C header files
configure:5238: gcc -c -g -O2  conftest.c >&5
configure:5244: $? = 0
configure:5343: gcc -o conftest -g -O2   conftest.c  >&5
configure:5346: $? = 0
configure:5352: ./conftest
configure:5355: $? = 0
configure:5372: result: yes
configure:5396: checking for sys/types.h
configure:5417: gcc -c -g -O2  conftest.c >&5
configure:5423: $? = 0
configure:5439: result: yes
configure:5396: checking for sys/stat.h
configure:5417: gcc -c -g -O2  conftest.c >&5
configure:5423: $? = 0
configure:5439: result: yes
configure:5396: checking for stdlib.h
configure:5417: gcc -c -g -O2  conftest.c >&5
configure:5423: $? = 0
configure:5439: result: yes
configure:5396: checking for string.h
configure:5417: gcc -c -g -O2  conftest.c >&5
configure:5423: $? = 0
configure:5439: result: yes
configure:5396: checking for memory.h
configure:5417: gcc -c -g -O2  conftest.c >&5
configure:5423: $? = 0
configure:5439: result: yes
configure:5396: checking for strings.h
configure:5417: gcc -c -g -O2  conftest.c >&5
configure:5423: $? = 0
configure:5439: result: yes
configure:5396: checking for inttypes.h
configure:5417: gcc -c -g -O2  conftest.c >&5
configure:5423: $? = 0
configure:5439: result: yes
configure:5396: checking for stdint.h
configure:5417: gcc -c -g -O2  conftest.c >&5
configure:5423: $? = 0
configure:5439: result: yes
configure:5396: checking for unistd.h
configure:5417: gcc -c -g -O2  conftest.c >&5
configure:5423: $? = 0
configure:5439: result: yes
configure:5466: checking dlfcn.h usability
configure:5483: gcc -c -g -O2  conftest.c >&5
configure:5489: $? = 0
configure:5503: result: yes
configure:5507: checking dlfcn.h presence
configure:5522: gcc -E  conftest.c
configure:5528: $? = 0
configure:5542: result: yes
configure:5575: checking for dlfcn.h
configure:5583: result: yes
configure:5606: checking how to run the C++ preprocessor
configure:5642: g++ -E  conftest.cpp
configure:5648: $? = 0
configure:5679: g++ -E  conftest.cpp
conftest.cpp:21:10: fatal error: ac_nonexistent.h: No such file or directory
   21 | #include <ac_nonexistent.h>
      |          ^~~~~~~~~~~~~~~~~~
compilation terminated.
configure:5685: $? = 1
configure: failed program was:
| /* confdefs.h.  */
| #define PACKAGE_NAME "trilearn__base_sources"
| #define PACKAGE_TARNAME "trilearn__base_sources"
| #define PACKAGE_VERSION "3.3"
| #define PACKAGE_STRING "trilearn__base_sources 3.3"
| #define PACKAGE_BUGREPORT "jellekok@science.uva.nl"
| #define PACKAGE "trilearn_base_sources"
| #define VERSION "3.3"
| #define STDC_HEADERS 1
| #define HAVE_SYS_TYPES_H 1
| #define HAVE_SYS_STAT_H 1
| #define HAVE_STDLIB_H 1
| #define HAVE_STRING_H 1
| #define HAVE_MEMORY_H 1
| #define HAVE_STRINGS_H 1
| #define HAVE_INTTYPES_H 1
| #define HAVE_STDINT_H 1
| #define HAVE_UNISTD_H 1
| #define HAVE_DLFCN_H 1
| /* end confdefs.h.  */
| #include <ac_nonexistent.h>
configure:5718: result: g++ -E
configure:5747: g++ -E  conftest.cpp
configure:5753: $? = 0
configure:5784: g++ -E  conftest.cpp
conftest.cpp:21:10: fatal error: ac_nonexistent.h: No such file or directory
   21 | #include <ac_nonexistent.h>
      |          ^~~~~~~~~~~~~~~~~~
compilation terminated.
configure:5790: $? = 1
configure: failed program was:
| /* confdefs.h.  */
| #define PACKAGE_NAME "trilearn__base_sources"
| #define PACKAGE_TARNAME "trilearn__base_sources"
| #define PACKAGE_VERSION "3.3"
| #define PACKAGE_STRING "trilearn__base_sources 3.3"
| #define PACKAGE_BUGREPORT "jellekok@science.uva.nl"
| #define PACKAGE "trilearn_base_sources"
| #define VERSION "3.3"
| #define STDC_HEADERS 1
| #define HAVE_SYS_TYPES_H 1
| #define HAVE_SYS_STAT_H 1
| #define HAVE_STDLIB_H 1
| #define HAVE_STRING_H 1
| #define HAVE_MEMORY_H 1
| #define HAVE_STRINGS_H 1
| #define HAVE_INTTYPES_H 1
| #define HAVE_STDINT_H 1
| #define HAVE_UNISTD_H 1
| #define HAVE_DLFCN_H 1
| /* end confdefs.h.  */
| #include <ac_nonexistent.h>
configure:5883: checking for g77
configure:5913: result: no
configure:5883: checking for xlf
configure:5913: result: no
configure:5883: checking for f77
configure:5899: found /usr/bin/f77
configure:5910: result: f77
configure:5940: checking for Fortran 77 compiler version
configure:5947: f77 --version >&5
GNU Fortran (Ubuntu 9.2.1-4ubuntu1) 9.2.1 20190821
Copyright (C) 2019 Free Software Foundation, Inc.
This is free software; see the source for copying conditions.  There is NO
warranty; not even for MERCHANTABILITY or FITNESS FOR A PARTICULAR PURPOSE.

configure:5950: $? = 0
configure:5957: f77 -v >&5
Using built-in specs.
COLLECT_GCC=f77
COLLECT_LTO_WRAPPER=/usr/lib/gcc/x86_64-linux-gnu/9/lto-wrapper
OFFLOAD_TARGET_NAMES=nvptx-none:hsa
OFFLOAD_TARGET_DEFAULT=1
Target: x86_64-linux-gnu
Configured with: ../src/configure -v --with-pkgversion='Ubuntu 9.2.1-4ubuntu1' --with-bugurl=file:///usr/share/doc/gcc-9/README.Bugs --enable-languages=c,ada,c++,go,brig,d,fortran,objc,obj-c++,gm2 --prefix=/usr --with-gcc-major-version-only --program-suffix=-9 --program-prefix=x86_64-linux-gnu- --enable-shared --enable-linker-build-id --libexecdir=/usr/lib --without-included-gettext --enable-threads=posix --libdir=/usr/lib --enable-nls --enable-bootstrap --enable-clocale=gnu --enable-libstdcxx-debug --enable-libstdcxx-time=yes --with-default-libstdcxx-abi=new --enable-gnu-unique-object --disable-vtable-verify --enable-plugin --enable-default-pie --with-system-zlib --with-target-system-zlib=auto --enable-multiarch --disable-werror --with-arch-32=i686 --with-abi=m64 --with-multilib-list=m32,m64,mx32 --enable-multilib --with-tune=generic --enable-offload-targets=nvptx-none,hsa --without-cuda-driver --enable-checking=release --build=x86_64-linux-gnu --host=x86_64-linux-gnu --target=x86_64-linux-gnu
Thread model: posix
gcc version 9.2.1 20190821 (Ubuntu 9.2.1-4ubuntu1) 
configure:5960: $? = 0
configure:5967: f77 -V >&5
f77: error: unrecognized command line option '-V'
f77: fatal error: no input files
compilation terminated.
configure:5970: $? = 1
configure:5978: checking whether we are using the GNU Fortran 77 compiler
configure:5997: f77 -c  conftest.F >&5
configure:6003: $? = 0
configure:6020: result: yes
configure:6026: checking whether f77 accepts -g
configure:6043: f77 -c -g conftest.f >&5
configure:6049: $? = 0
configure:6065: result: yes
configure:6094: checking the maximum length of command line arguments
configure:6206: result: 1572864
configure:6218: checking command to parse /usr/bin/nm -B output from gcc object
configure:6323: gcc -c -g -O2  conftest.c >&5
configure:6326: $? = 0
configure:6330: /usr/bin/nm -B conftest.o \| sed -n -e 's/^.*[ 	]\([ABCDGIRSTW][ABCDGIRSTW]*\)[ 	][ 	]*\([_A-Za-z][_A-Za-z0-9]*\)$/\1 \2 \2/p' \> conftest.nm
configure:6333: $? = 0
configure:6385: gcc -o conftest -g -O2   conftest.c conftstm.o >&5
configure:6388: $? = 0
configure:6426: result: ok
configure:6430: checking for objdir
configure:6445: result: .libs
configure:6537: checking for ar
configure:6553: found /usr/bin/ar
configure:6564: result: ar
configure:6633: checking for ranlib
configure:6649: found /usr/bin/ranlib
configure:6660: result: ranlib
configure:6729: checking for strip
configure:6745: found /usr/bin/strip
configure:6756: result: strip
configure:7354: checking if gcc supports -fno-rtti -fno-exceptions
configure:7377: gcc -c -g -O2  -fno-rtti -fno-exceptions conftest.c >&5
cc1: warning: command line option '-fno-rtti' is valid for C++/D/ObjC++ but not for C
configure:7381: $? = 0
configure:7389: result: no
configure:7379: checking for gcc option to produce PIC
configure:7611: result: -fPIC
configure:7619: checking if gcc PIC flag -fPIC works
configure:7667: gcc -c -g -O2  -fPIC -DPIC conftest.c >&5
configure:7671: $? = 0
configure:7654: result: yes
configure:7653: checking if gcc static flag -static works
configure:7681: result: yes
configure:7691: checking if gcc supports -c -o file.o
configure:7771: gcc -c -g -O2  -o out/conftest2.o conftest.c >&5
configure:7775: $? = 0
configure:7714: result: yes
configure:7740: checking whether the gcc linker (/usr/bin/ld -m elf_x86_64) supports shared libraries
configure:8721: result: yes
configure:8742: checking whether -lc should be explicitly linked in
configure:8747: gcc -c -g -O2  conftest.c >&5
configure:8750: $? = 0
configure:8765: gcc -shared conftest.o  -v -Wl,-soname -Wl,conftest -o conftest 2\>\&1 \| grep  -lc  \>/dev/null 2\>\&1
configure:8768: $? = 0
configure:8780: result: no
configure:8788: checking dynamic linker characteristics
configure:9402: result: GNU/Linux ld.so
configure:9426: checking how to hardcode library paths into programs
configure:9451: result: immediate
configure:9465: checking whether stripping libraries is possible
configure:9470: result: yes
configure:10272: checking if libtool supports shared libraries
configure:10274: result: yes
configure:10277: checking whether to build shared libraries
configure:10298: result: yes
configure:10301: checking whether to build static libraries
configure:10305: result: yes
configure:10399: creating libtool
configure:10992: checking for ld used by g++
configure:11059: result: /usr/bin/ld -m elf_x86_64
configure:11068: checking if the linker (/usr/bin/ld -m elf_x86_64) is GNU ld
configure:11083: result: yes
configure:11134: checking whether the g++ linker (/usr/bin/ld -m elf_x86_64) supports shared libraries
configure:12080: result: yes
configure:12097: g++ -c -g -O2  conftest.cpp >&5
configure:12100: $? = 0
configure:12256: checking for g++ option to produce PIC
configure:12540: result: -fPIC
configure:12548: checking if g++ PIC flag -fPIC works
configure:12649: g++ -c -g -O2  -fPIC -DPIC conftest.cpp >&5
configure:12653: $? = 0
configure:12583: result: yes
configure:12611: checking if g++ static flag -static works
configure:12639: result: yes
configure:12649: checking if g++ supports -c -o file.o
configure:12753: g++ -c -g -O2  -o out/conftest2.o conftest.cpp >&5
configure:12757: $? = 0
configure:12696: result: yes
configure:12722: checking whether the g++ linker (/usr/bin/ld -m elf_x86_64) supports shared libraries
configure:12751: result: yes
configure:12818: checking dynamic linker characteristics
configure:13380: result: GNU/Linux ld.so
configure:13404: checking how to hardcode library paths into programs
configure:13429: result: immediate
configure:13968: checking if libtool supports shared libraries
configure:13970: result: yes
configure:13973: checking whether to build shared libraries
configure:13993: result: yes
configure:13996: checking whether to build static libraries
configure:14000: result: yes
configure:14010: checking for f77 option to produce PIC
configure:14242: result: -fPIC
configure:14250: checking if f77 PIC flag -fPIC works
configure:14351: f77 -c -g -O2 -fPIC conftest.f >&5
configure:14355: $? = 0
configure:14285: result: yes
configure:14313: checking if f77 static flag -static works
configure:14341: result: yes
configure:14351: checking if f77 supports -c -o file.o
configure:14455: f77 -c -g -O2 -o out/conftest2.o conftest.f >&5
configure:14459: $? = 0
configure:14398: result: yes
configure:14424: checking whether the f77 linker (/usr/bin/ld -m elf_x86_64) supports shared libraries
configure:15385: result: yes
configure:15452: checking dynamic linker characteristics
configure:16014: result: GNU/Linux ld.so
configure:16038: checking how to hardcode library paths into programs
configure:16063: result: immediate
configure:19679: checking for pthread_create in -lpthread
configure:19714: gcc -o conftest -g -O2   conftest.c -lpthread   >&5
configure:19720: $? = 0
configure:19738: result: yes
configure:19751: checking for ANSI C header files
configure:19915: result: yes
configure:19948: checking arpa/inet.h usability
configure:19965: gcc -c -g -O2  conftest.c >&5
configure:19971: $? = 0
configure:19985: result: yes
configure:19989: checking arpa/inet.h presence
configure:20004: gcc -E  conftest.c
configure:20010: $? = 0
configure:20024: result: yes
configure:20057: checking for arpa/inet.h
configure:20065: result: yes
configure:19948: checking fcntl.h usability
configure:19965: gcc -c -g -O2  conftest.c >&5
configure:19971: $? = 0
configure:19985: result: yes
configure:19989: checking fcntl.h presence
configure:20004: gcc -E  conftest.c
configure:20010: $? = 0
configure:20024: result: yes
configure:20057: checking for fcntl.h
configure:20065: result: yes
configure:19948: checking netdb.h usability
configure:19965: gcc -c -g -O2  conftest.c >&5
configure:19971: $? = 0
configure:19985: result: yes
configure:19989: checking netdb.h presence
configure:20004: gcc -E  conftest.c
configure:20010: $? = 0
configure:20024: result: yes
configure:20057: checking for netdb.h
configure:20065: result: yes
configure:19938: checking for stdlib.h
configure:19944: result: yes
configure:19938: checking for string.h
configure:19944: result: yes
configure:19938: checking for strings.h
configure:19944: result: yes
configure:19948: checking sys/socket.h usability
configure:19965: gcc -c -g -O2  conftest.c >&5
configure:19971: $? = 0
configure:19985: result: yes
configure:19989: checking sys/socket.h presence
configure:20004: gcc -E  conftest.c
configure:20010: $? = 0
configure:20024: result: yes
configure:20057: checking for sys/socket.h
configure:20065: result: yes
configure:19948: checking sys/time.h usability
configure:19965: gcc -c -g -O2  conftest.c >&5
configure:19971: $? = 0
configure:19985: result: yes
configure:19989: checking sys/time.h presence
configure:20004: gcc -E  conftest.c
configure:20010: $? = 0
configure:20024: result: yes
configure:20057: checking for sys/time.h
configure:20065: result: yes
configure:19938: checking for unistd.h
configure:19944: result: yes
configure:20080: checking for stdbool.h that conforms to C99
configure:20173: gcc -c -g -O2  conftest.c >&5
configure:20179: $? = 0
configure:20194: result: yes
configure:20196: checking for _Bool
configure:20226: gcc -c -g -O2  conftest.c >&5
configure:20232: $? = 0
configure:20247: result: yes
configure:20266: checking for an ANSI C-conforming const
configure:20341: gcc -c -g -O2  conftest.c >&5
configure:20347: $? = 0
configure:20362: result: yes
configure:20372: checking for inline
configure:20398: gcc -c -g -O2  conftest.c >&5
configure:20404: $? = 0
configure:20422: result: inline
configure:20441: checking for size_t
configure:20471: gcc -c -g -O2  conftest.c >&5
configure:20477: $? = 0
configure:20492: result: yes
configure:20504: checking whether time.h and sys/time.h may both be included
configure:20534: gcc -c -g -O2  conftest.c >&5
configure:20540: $? = 0
configure:20555: result: yes
configure:20583: checking sys/select.h usability
configure:20600: gcc -c -g -O2  conftest.c >&5
configure:20606: $? = 0
configure:20620: result: yes
configure:20624: checking sys/select.h presence
configure:20639: gcc -E  conftest.c
configure:20645: $? = 0
configure:20659: result: yes
configure:20692: checking for sys/select.h
configure:20700: result: yes
configure:20573: checking for sys/socket.h
configure:20579: result: yes
configure:20713: checking types of arguments for select
configure:20751: gcc -c -g -O2  conftest.c >&5
configure:20757: $? = 0
configure:20778: result: int,fd_set *,struct timeval *
configure:20816: checking for floor
configure:20872: gcc -o conftest -g -O2   conftest.c -lpthread  >&5
conftest.c:63:6: warning: conflicting types for built-in function 'floor'; expected 'double(double)' [-Wbuiltin-declaration-mismatch]
   63 | char floor ();
      |      ^~~~~
conftest.c:51:1: note: 'floor' is declared in header '<math.h>'
   50 | # include <limits.h>
   51 | #else
/usr/bin/ld: /tmp/ccpDt8c4.o: in function `main':
/home/lebackman/Desktop/RCSS/trilearnBaseUFABC-master/conftest.c:74: undefined reference to `floor'
collect2: error: ld returned 1 exit status
configure:20878: $? = 1
configure: failed program was:
| /* confdefs.h.  */
| #define PACKAGE_NAME "trilearn__base_sources"
| #define PACKAGE_TARNAME "trilearn__base_sources"
| #define PACKAGE_VERSION "3.3"
| #define PACKAGE_STRING "trilearn__base_sources 3.3"
| #define PACKAGE_BUGREPORT "jellekok@science.uva.nl"
| #define PACKAGE "trilearn_base_sources"
| #define VERSION "3.3"
| #define STDC_HEADERS 1
| #define HAVE_SYS_TYPES_H 1
| #define HAVE_SYS_STAT_H 1
| #define HAVE_STDLIB_H 1
| #define HAVE_STRING_H 1
| #define HAVE_MEMORY_H 1
| #define HAVE_STRINGS_H 1
| #define HAVE_INTTYPES_H 1
| #define HAVE_STDINT_H 1
| #define HAVE_UNISTD_H 1
| #define HAVE_DLFCN_H 1
| #define HAVE_LIBPTHREAD 1
| #define STDC_HEADERS 1
| #define HAVE_ARPA_INET_H 1
| #define HAVE_FCNTL_H 1
| #define HAVE_NETDB_H 1
| #define HAVE_STDLIB_H 1
| #define HAVE_STRING_H 1
| #define HAVE_STRINGS_H 1
| #define HAVE_SYS_SOCKET_H 1
| #define HAVE_SYS_TIME_H 1
| #define HAVE_UNISTD_H 1
| #define HAVE__BOOL 1
| #define HAVE_STDBOOL_H 1
| #define TIME_WITH_SYS_TIME 1
| #define HAVE_SYS_SELECT_H 1
| #define HAVE_SYS_SOCKET_H 1
| #define SELECT_TYPE_ARG1 int
| #define SELECT_TYPE_ARG234 (fd_set *)
| #define SELECT_TYPE_ARG5 (struct timeval *)
| /* end confdefs.h.  */
| /* Define floor to an innocuous variant, in case <limits.h> declares floor.
|    For example, HP-UX 11i <limits.h> declares gettimeofday.  */
| #define floor innocuous_floor
| 
| /* System header to define __stub macros and hopefully few prototypes,
|     which can conflict with char floor (); below.
|     Prefer <limits.h> to <assert.h> if __STDC__ is defined, since
|     <limits.h> exists even on freestanding compilers.  */
| 
| #ifdef __STDC__
| # include <limits.h>
| #else
| # include <assert.h>
| #endif
| 
| #undef floor
| 
| /* Override any GCC internal prototype to avoid an error.
|    Use char because int might match the return type of a GCC
|    builtin and then its argument prototype would still apply.  */
| #ifdef __cplusplus
| extern "C"
| #endif
| char floor ();
| /* The GNU C library defines this for functions which it implements
|     to always fail with ENOSYS.  Some functions are actually named
|     something starting with __ and the normal name is an alias.  */
| #if defined __stub_floor || defined __stub___floor
| choke me
| #endif
| 
| int
| main ()
| {
| return floor ();
|   ;
|   return 0;
| }
configure:20896: result: no
configure:20816: checking for gethostbyname
configure:20872: gcc -o conftest -g -O2   conftest.c -lpthread  >&5
configure:20878: $? = 0
configure:20896: result: yes
configure:20816: checking for gettimeofday
configure:20872: gcc -o conftest -g -O2   conftest.c -lpthread  >&5
configure:20878: $? = 0
configure:20896: result: yes
configure:20816: checking for inet_ntoa
configure:20872: gcc -o conftest -g -O2   conftest.c -lpthread  >&5
configure:20878: $? = 0
configure:20896: result: yes
configure:20816: checking for pow
configure:20872: gcc -o conftest -g -O2   conftest.c -lpthread  >&5
conftest.c:66:6: warning: conflicting types for built-in function 'pow'; expected 'double(double,  double)' [-Wbuiltin-declaration-mismatch]
   66 | char pow ();
      |      ^~~
conftest.c:54:1: note: 'pow' is declared in header '<math.h>'
   53 | # include <limits.h>
   54 | #else
/usr/bin/ld: /tmp/cck9tqEp.o: in function `main':
/home/lebackman/Desktop/RCSS/trilearnBaseUFABC-master/conftest.c:77: undefined reference to `pow'
collect2: error: ld returned 1 exit status
configure:20878: $? = 1
configure: failed program was:
| /* confdefs.h.  */
| #define PACKAGE_NAME "trilearn__base_sources"
| #define PACKAGE_TARNAME "trilearn__base_sources"
| #define PACKAGE_VERSION "3.3"
| #define PACKAGE_STRING "trilearn__base_sources 3.3"
| #define PACKAGE_BUGREPORT "jellekok@science.uva.nl"
| #define PACKAGE "trilearn_base_sources"
| #define VERSION "3.3"
| #define STDC_HEADERS 1
| #define HAVE_SYS_TYPES_H 1
| #define HAVE_SYS_STAT_H 1
| #define HAVE_STDLIB_H 1
| #define HAVE_STRING_H 1
| #define HAVE_MEMORY_H 1
| #define HAVE_STRINGS_H 1
| #define HAVE_INTTYPES_H 1
| #define HAVE_STDINT_H 1
| #define HAVE_UNISTD_H 1
| #define HAVE_DLFCN_H 1
| #define HAVE_LIBPTHREAD 1
| #define STDC_HEADERS 1
| #define HAVE_ARPA_INET_H 1
| #define HAVE_FCNTL_H 1
| #define HAVE_NETDB_H 1
| #define HAVE_STDLIB_H 1
| #define HAVE_STRING_H 1
| #define HAVE_STRINGS_H 1
| #define HAVE_SYS_SOCKET_H 1
| #define HAVE_SYS_TIME_H 1
| #define HAVE_UNISTD_H 1
| #define HAVE__BOOL 1
| #define HAVE_STDBOOL_H 1
| #define TIME_WITH_SYS_TIME 1
| #define HAVE_SYS_SELECT_H 1
| #define HAVE_SYS_SOCKET_H 1
| #define SELECT_TYPE_ARG1 int
| #define SELECT_TYPE_ARG234 (fd_set *)
| #define SELECT_TYPE_ARG5 (struct timeval *)
| #define HAVE_GETHOSTBYNAME 1
| #define HAVE_GETTIMEOFDAY 1
| #define HAVE_INET_NTOA 1
| /* end confdefs.h.  */
| /* Define pow to an innocuous variant, in case <limits.h> declares pow.
|    For example, HP-UX 11i <limits.h> declares gettimeofday.  */
| #define pow innocuous_pow
| 
| /* System header to define __stub macros and hopefully few prototypes,
|     which can conflict with char pow (); below.
|     Prefer <limits.h> to <assert.h> if __STDC__ is defined, since
|     <limits.h> exists even on freestanding compilers.  */
| 
| #ifdef __STDC__
| # include <limits.h>
| #else
| # include <assert.h>
| #endif
| 
| #undef pow
| 
| /* Override any GCC internal prototype to avoid an error.
|    Use char because int might match the return type of a GCC
|    builtin and then its argument prototype would still apply.  */
| #ifdef __cplusplus
| extern "C"
| #endif
| char pow ();
| /* The GNU C library defines this for functions which it implements
|     to always fail with ENOSYS.  Some functions are actually named
|     something starting with __ and the normal name is an alias.  */
| #if defined __stub_pow || defined __stub___pow
| choke me
| #endif
| 
| int
| main ()
| {
| return pow ();
|   ;
|   return 0;
| }
configure:20896: result: no
configure:20816: checking for rint
configure:20872: gcc -o conftest -g -O2   conftest.c -lpthread  >&5
conftest.c:66:6: warning: conflicting types for built-in function 'rint'; expected 'double(double)' [-Wbuiltin-declaration-mismatch]
   66 | char rint ();
      |      ^~~~
conftest.c:54:1: note: 'rint' is declared in header '<math.h>'
   53 | # include <limits.h>
   54 | #else
/usr/bin/ld: /tmp/ccsqcMPA.o: in function `main':
/home/lebackman/Desktop/RCSS/trilearnBaseUFABC-master/conftest.c:77: undefined reference to `rint'
collect2: error: ld returned 1 exit status
configure:20878: $? = 1
configure: failed program was:
| /* confdefs.h.  */
| #define PACKAGE_NAME "trilearn__base_sources"
| #define PACKAGE_TARNAME "trilearn__base_sources"
| #define PACKAGE_VERSION "3.3"
| #define PACKAGE_STRING "trilearn__base_sources 3.3"
| #define PACKAGE_BUGREPORT "jellekok@science.uva.nl"
| #define PACKAGE "trilearn_base_sources"
| #define VERSION "3.3"
| #define STDC_HEADERS 1
| #define HAVE_SYS_TYPES_H 1
| #define HAVE_SYS_STAT_H 1
| #define HAVE_STDLIB_H 1
| #define HAVE_STRING_H 1
| #define HAVE_MEMORY_H 1
| #define HAVE_STRINGS_H 1
| #define HAVE_INTTYPES_H 1
| #define HAVE_STDINT_H 1
| #define HAVE_UNISTD_H 1
| #define HAVE_DLFCN_H 1
| #define HAVE_LIBPTHREAD 1
| #define STDC_HEADERS 1
| #define HAVE_ARPA_INET_H 1
| #define HAVE_FCNTL_H 1
| #define HAVE_NETDB_H 1
| #define HAVE_STDLIB_H 1
| #define HAVE_STRING_H 1
| #define HAVE_STRINGS_H 1
| #define HAVE_SYS_SOCKET_H 1
| #define HAVE_SYS_TIME_H 1
| #define HAVE_UNISTD_H 1
| #define HAVE__BOOL 1
| #define HAVE_STDBOOL_H 1
| #define TIME_WITH_SYS_TIME 1
| #define HAVE_SYS_SELECT_H 1
| #define HAVE_SYS_SOCKET_H 1
| #define SELECT_TYPE_ARG1 int
| #define SELECT_TYPE_ARG234 (fd_set *)
| #define SELECT_TYPE_ARG5 (struct timeval *)
| #define HAVE_GETHOSTBYNAME 1
| #define HAVE_GETTIMEOFDAY 1
| #define HAVE_INET_NTOA 1
| /* end confdefs.h.  */
| /* Define rint to an innocuous variant, in case <limits.h> declares rint.
|    For example, HP-UX 11i <limits.h> declares gettimeofday.  */
| #define rint innocuous_rint
| 
| /* System header to define __stub macros and hopefully few prototypes,
|     which can conflict with char rint (); below.
|     Prefer <limits.h> to <assert.h> if __STDC__ is defined, since
|     <limits.h> exists even on freestanding compilers.  */
| 
| #ifdef __STDC__
| # include <limits.h>
| #else
| # include <assert.h>
| #endif
| 
| #undef rint
| 
| /* Override any GCC internal prototype to avoid an error.
|    Use char because int might match the return type of a GCC
|    builtin and then its argument prototype would still apply.  */
| #ifdef __cplusplus
| extern "C"
| #endif
| char rint ();
| /* The GNU C library defines this for functions which it implements
|     to always fail with ENOSYS.  Some functions are actually named
|     something starting with __ and the normal name is an alias.  */
| #if defined __stub_rint || defined __stub___rint
| choke me
| #endif
| 
| int
| main ()
| {
| return rint ();
|   ;
|   return 0;
| }
configure:20896: result: no
configure:20816: checking for select
configure:20872: gcc -o conftest -g -O2   conftest.c -lpthread  >&5
configure:20878: $? = 0
configure:20896: result: yes
configure:20816: checking for socket
configure:20872: gcc -o conftest -g -O2   conftest.c -lpthread  >&5
configure:20878: $? = 0
configure:20896: result: yes
configure:20816: checking for sqrt
configure:20872: gcc -o conftest -g -O2   conftest.c -lpthread  >&5
conftest.c:68:6: warning: conflicting types for built-in function 'sqrt'; expected 'double(double)' [-Wbuiltin-declaration-mismatch]
   68 | char sqrt ();
      |      ^~~~
conftest.c:56:1: note: 'sqrt' is declared in header '<math.h>'
   55 | # include <limits.h>
   56 | #else
/usr/bin/ld: /tmp/ccmzbCnZ.o: in function `main':
/home/lebackman/Desktop/RCSS/trilearnBaseUFABC-master/conftest.c:79: undefined reference to `sqrt'
collect2: error: ld returned 1 exit status
configure:20878: $? = 1
configure: failed program was:
| /* confdefs.h.  */
| #define PACKAGE_NAME "trilearn__base_sources"
| #define PACKAGE_TARNAME "trilearn__base_sources"
| #define PACKAGE_VERSION "3.3"
| #define PACKAGE_STRING "trilearn__base_sources 3.3"
| #define PACKAGE_BUGREPORT "jellekok@science.uva.nl"
| #define PACKAGE "trilearn_base_sources"
| #define VERSION "3.3"
| #define STDC_HEADERS 1
| #define HAVE_SYS_TYPES_H 1
| #define HAVE_SYS_STAT_H 1
| #define HAVE_STDLIB_H 1
| #define HAVE_STRING_H 1
| #define HAVE_MEMORY_H 1
| #define HAVE_STRINGS_H 1
| #define HAVE_INTTYPES_H 1
| #define HAVE_STDINT_H 1
| #define HAVE_UNISTD_H 1
| #define HAVE_DLFCN_H 1
| #define HAVE_LIBPTHREAD 1
| #define STDC_HEADERS 1
| #define HAVE_ARPA_INET_H 1
| #define HAVE_FCNTL_H 1
| #define HAVE_NETDB_H 1
| #define HAVE_STDLIB_H 1
| #define HAVE_STRING_H 1
| #define HAVE_STRINGS_H 1
| #define HAVE_SYS_SOCKET_H 1
| #define HAVE_SYS_TIME_H 1
| #define HAVE_UNISTD_H 1
| #define HAVE__BOOL 1
| #define HAVE_STDBOOL_H 1
| #define TIME_WITH_SYS_TIME 1
| #define HAVE_SYS_SELECT_H 1
| #define HAVE_SYS_SOCKET_H 1
| #define SELECT_TYPE_ARG1 int
| #define SELECT_TYPE_ARG234 (fd_set *)
| #define SELECT_TYPE_ARG5 (struct timeval *)
| #define HAVE_GETHOSTBYNAME 1
| #define HAVE_GETTIMEOFDAY 1
| #define HAVE_INET_NTOA 1
| #define HAVE_SELECT 1
| #define HAVE_SOCKET 1
| /* end confdefs.h.  */
| /* Define sqrt to an innocuous variant, in case <limits.h> declares sqrt.
|    For example, HP-UX 11i <limits.h> declares gettimeofday.  */
| #define sqrt innocuous_sqrt
| 
| /* System header to define __stub macros and hopefully few prototypes,
|     which can conflict with char sqrt (); below.
|     Prefer <limits.h> to <assert.h> if __STDC__ is defined, since
|     <limits.h> exists even on freestanding compilers.  */
| 
| #ifdef __STDC__
| # include <limits.h>
| #else
| # include <assert.h>
| #endif
| 
| #undef sqrt
| 
| /* Override any GCC internal prototype to avoid an error.
|    Use char because int might match the return type of a GCC
|    builtin and then its argument prototype would still apply.  */
| #ifdef __cplusplus
| extern "C"
| #endif
| char sqrt ();
| /* The GNU C library defines this for functions which it implements
|     to always fail with ENOSYS.  Some functions are actually named
|     something starting with __ and the normal name is an alias.  */
| #if defined __stub_sqrt || defined __stub___sqrt
| choke me
| #endif
| 
| int
| main ()
| {
| return sqrt ();
|   ;
|   return 0;
| }
configure:20896: result: no
configure:20816: checking for strcasecmp
configure:20872: gcc -o conftest -g -O2   conftest.c -lpthread  >&5
conftest.c:68:6: warning: conflicting types for built-in function 'strcasecmp'; expected 'int(const char *, const char *)' [-Wbuiltin-declaration-mismatch]
   68 | char strcasecmp ();
      |      ^~~~~~~~~~
configure:20878: $? = 0
configure:20896: result: yes
configure:20816: checking for strdup
configure:20872: gcc -o conftest -g -O2   conftest.c -lpthread  >&5
conftest.c:69:6: warning: conflicting types for built-in function 'strdup'; expected 'char *(const char *)' [-Wbuiltin-declaration-mismatch]
   69 | char strdup ();
      |      ^~~~~~
configure:20878: $? = 0
configure:20896: result: yes
configure:20816: checking for strstr
configure:20872: gcc -o conftest -g -O2   conftest.c -lpthread  >&5
conftest.c:70:6: warning: conflicting types for built-in function 'strstr'; expected 'char *(const char *, const char *)' [-Wbuiltin-declaration-mismatch]
   70 | char strstr ();
      |      ^~~~~~
conftest.c:58:1: note: 'strstr' is declared in header '<string.h>'
   57 | # include <limits.h>
   58 | #else
configure:20878: $? = 0
configure:20896: result: yes
configure:21023: creating ./config.status

## ---------------------- ##
## Running config.status. ##
## ---------------------- ##

This file was extended by trilearn__base_sources config.status 3.3, which was
generated by GNU Autoconf 2.61.  Invocation command line was

  CONFIG_FILES    = 
  CONFIG_HEADERS  = 
  CONFIG_LINKS    = 
  CONFIG_COMMANDS = 
  $ ./config.status 

on karen

config.status:665: creating Makefile
config.status:665: creating src/Makefile
config.status:665: creating config.h
config.status:919: config.h is unchanged
config.status:966: executing depfiles commands

## ---------------- ##
## Cache variables. ##
## ---------------- ##

ac_cv_build=x86_64-unknown-linux-gnu
ac_cv_c_compiler_gnu=yes
ac_cv_c_const=yes
ac_cv_c_inline=inline
ac_cv_cxx_compiler_gnu=yes
ac_cv_env_CCC_set=
ac_cv_env_CCC_value=
ac_cv_env_CC_set=
ac_cv_env_CC_value=
ac_cv_env_CFLAGS_set=
ac_cv_env_CFLAGS_value=
ac_cv_env_CPPFLAGS_set=
ac_cv_env_CPPFLAGS_value=
ac_cv_env_CPP_set=
ac_cv_env_CPP_value=
ac_cv_env_CXXCPP_set=
ac_cv_env_CXXCPP_value=
ac_cv_env_CXXFLAGS_set=
ac_cv_env_CXXFLAGS_value=
ac_cv_env_CXX_set=
ac_cv_env_CXX_value=
ac_cv_env_F77_set=
ac_cv_env_F77_value=
ac_cv_env_FFLAGS_set=
ac_cv_env_FFLAGS_value=
ac_cv_env_LDFLAGS_set=
ac_cv_env_LDFLAGS_value=
ac_cv_env_LIBS_set=
ac_cv_env_LIBS_value=
ac_cv_env_build_alias_set=
ac_cv_env_build_alias_value=
ac_cv_env_host_alias_set=
ac_cv_env_host_alias_value=
ac_cv_env_target_alias_set=
ac_cv_env_target_alias_value=
ac_cv_f77_compiler_gnu=yes
ac_cv_func_floor=no
ac_cv_func_gethostbyname=yes
ac_cv_func_gettimeofday=yes
ac_cv_func_inet_ntoa=yes
ac_cv_func_pow=no
ac_cv_func_rint=no
ac_cv_func_select=yes
ac_cv_func_select_args='int,fd_set *,struct timeval *'
ac_cv_func_socket=yes
ac_cv_func_sqrt=no
ac_cv_func_strcasecmp=yes
ac_cv_func_strdup=yes
ac_cv_func_strstr=yes
ac_cv_header_arpa_inet_h=yes
ac_cv_header_dlfcn_h=yes
ac_cv_header_fcntl_h=yes
ac_cv_header_inttypes_h=yes
ac_cv_header_memory_h=yes
ac_cv_header_netdb_h=yes
ac_cv_header_stdbool_h=yes
ac_cv_header_stdc=yes
ac_cv_header_stdint_h=yes
ac_cv_header_stdlib_h=yes
ac_cv_header_string_h=yes
ac_cv_header_strings_h=yes
ac_cv_header_sys_select_h=yes
ac_cv_header_sys_socket_h=yes
ac_cv_header_sys_stat_h=yes
ac_cv_header_sys_time_h=yes
ac_cv_header_sys_types_h=yes
ac_cv_header_time=yes
ac_cv_header_unistd_h=yes
ac_cv_host=x86_64-unknown-linux-gnu
ac_cv_lib_pthread_pthread_create=yes
ac_cv_objext=o
ac_cv_path_EGREP='/usr/bin/grep -E'
ac_cv_path_GREP=/usr/bin/grep
ac_cv_path_install='/usr/bin/install -c'
ac_cv_path_mkdir=/usr/bin/mkdir
ac_cv_prog_AWK=mawk
ac_cv_prog_CPP='gcc -E'
ac_cv_prog_CXXCPP='g++ -E'
ac_cv_prog_ac_ct_AR=ar
ac_cv_prog_ac_ct_CC=gcc
ac_cv_prog_ac_ct_CXX=g++
ac_cv_prog_ac_ct_F77=f77
ac_cv_prog_ac_ct_RANLIB=ranlib
ac_cv_prog_ac_ct_STRIP=strip
ac_cv_prog_cc_c89=
ac_cv_prog_cc_g=yes
ac_cv_prog_cxx_g=yes
ac_cv_prog_f77_g=yes
ac_cv_prog_make_make_set=yes
ac_cv_type__Bool=yes
ac_cv_type_size_t=yes
am_cv_CC_dependencies_compiler_type=gcc3
am_cv_CXX_dependencies_compiler_type=gcc3
lt_cv_deplibs_check_method=pass_all
lt_cv_file_magic_cmd='$MAGIC_CMD'
lt_cv_file_magic_test_file=
lt_cv_ld_reload_flag=-r
lt_cv_objdir=.libs
lt_cv_path_LD=/usr/bin/ld
lt_cv_path_LDCXX='/usr/bin/ld -m elf_x86_64'
lt_cv_path_NM='/usr/bin/nm -B'
lt_cv_path_SED=/usr/bin/sed
lt_cv_prog_compiler_c_o=yes
lt_cv_prog_compiler_c_o_CXX=yes
lt_cv_prog_compiler_c_o_F77=yes
lt_cv_prog_compiler_pic_works=yes
lt_cv_prog_compiler_pic_works_CXX=yes
lt_cv_prog_compiler_pic_works_F77=yes
lt_cv_prog_compiler_rtti_exceptions=no
lt_cv_prog_compiler_static_works=yes
lt_cv_prog_compiler_static_works_CXX=yes
lt_cv_prog_compiler_static_works_F77=yes
lt_cv_prog_gnu_ld=yes
lt_cv_prog_gnu_ldcxx=yes
lt_cv_sys_global_symbol_pipe='sed -n -e '\''s/^.*[ 	]\([ABCDGIRSTW][ABCDGIRSTW]*\)[ 	][ 	]*\([_A-Za-z][_A-Za-z0-9]*\)$/\1 \2 \2/p'\'''
lt_cv_sys_global_symbol_to_c_name_address='sed -n -e '\''s/^: \([^ ]*\) $/  {\"\1\", (lt_ptr) 0},/p'\'' -e '\''s/^[BCDEGRST] \([^ ]*\) \([^ ]*\)$/  {"\2", (lt_ptr) \&\2},/p'\'''
lt_cv_sys_global_symbol_to_cdecl='sed -n -e '\''s/^. .* \(.*\)$/extern int \1;/p'\'''
lt_cv_sys_lib_dlsearch_path_spec='/lib /usr/lib /usr/lib/x86_64-linux-gnu/libfakeroot /usr/local/lib /usr/local/lib/x86_64-linux-gnu /lib/x86_64-linux-gnu /usr/lib/x86_64-linux-gnu '
lt_cv_sys_lib_search_path_spec='/usr/lib/gcc/x86_64-linux-gnu/9 /usr/lib/x86_64-linux-gnu /usr/lib /lib/x86_64-linux-gnu /lib'
lt_cv_sys_max_cmd_len=1572864
lt_lt_cv_prog_compiler_c_o='"yes"'
lt_lt_cv_prog_compiler_c_o_CXX='"yes"'
lt_lt_cv_prog_compiler_c_o_F77='"yes"'
lt_lt_cv_sys_global_symbol_pipe='"sed -n -e '\''s/^.*[ 	]\\([ABCDGIRSTW][ABCDGIRSTW]*\\)[ 	][ 	]*\\([_A-Za-z][_A-Za-z0-9]*\\)\$/\\1 \\2 \\2/p'\''"'
lt_lt_cv_sys_global_symbol_to_c_name_address='"sed -n -e '\''s/^: \\([^ ]*\\) \$/  {\\\"\\1\\\", (lt_ptr) 0},/p'\'' -e '\''s/^[BCDEGRST] \\([^ ]*\\) \\([^ ]*\\)\$/  {\"\\2\", (lt_ptr) \\&\\2},/p'\''"'
lt_lt_cv_sys_global_symbol_to_cdecl='"sed -n -e '\''s/^. .* \\(.*\\)\$/extern int \\1;/p'\''"'

## ----------------- ##
## Output variables. ##
## ----------------- ##

ACLOCAL='${SHELL} /home/lebackman/Desktop/RCSS/trilearnBaseUFABC-master/missing --run aclocal-1.10'
AMDEPBACKSLASH='\'
AMDEP_FALSE='#'
AMDEP_TRUE=''
AMTAR='${SHELL} /home/lebackman/Desktop/RCSS/trilearnBaseUFABC-master/missing --run tar'
AR='ar'
AUTOCONF='${SHELL} /home/lebackman/Desktop/RCSS/trilearnBaseUFABC-master/missing --run autoconf'
AUTOHEADER='${SHELL} /home/lebackman/Desktop/RCSS/trilearnBaseUFABC-master/missing --run autoheader'
AUTOMAKE='${SHELL} /home/lebackman/Desktop/RCSS/trilearnBaseUFABC-master/missing --run automake-1.10'
AWK='mawk'
CC='gcc'
CCDEPMODE='depmode=gcc3'
CFLAGS='-g -O2'
CPP='gcc -E'
CPPFLAGS=''
CXX='g++'
CXXCPP='g++ -E'
CXXDEPMODE='depmode=gcc3'
CXXFLAGS='-g -O2'
CYGPATH_W='echo'
DEFS='-DHAVE_CONFIG_H'
DEPDIR='.deps'
DSYMUTIL=''
ECHO='echo'
ECHO_C=''
ECHO_N='-n'
ECHO_T=''
EGREP='/usr/bin/grep -E'
EXEEXT=''
F77='f77'
FFLAGS='-g -O2'
GREP='/usr/bin/grep'
INSTALL_DATA='${INSTALL} -m 644'
INSTALL_PROGRAM='${INSTALL}'
INSTALL_SCRIPT='${INSTALL}'
INSTALL_STRIP_PROGRAM='$(install_sh) -c -s'
LDFLAGS=''
LIBOBJS=''
LIBS='-lpthread '
LIBTOOL='$(SHELL) $(top_builddir)/libtool'
LN_S='ln -s'
LTLIBOBJS=''
MAKEINFO='${SHELL} /home/lebackman/Desktop/RCSS/trilearnBaseUFABC-master/missing --run makeinfo'
NMEDIT=''
OBJEXT='o'
PACKAGE='trilearn_base_sources'
PACKAGE_BUGREPORT='jellekok@science.uva.nl'
PACKAGE_NAME='trilearn__base_sources'
PACKAGE_STRING='trilearn__base_sources 3.3'
PACKAGE_TARNAME='trilearn__base_sources'
PACKAGE_VERSION='3.3'
PATH_SEPARATOR=':'
RANLIB='ranlib'
SED='/usr/bin/sed'
SET_MAKE=''
SHELL='/bin/bash'
STRIP='strip'
VERSION='3.3'
ac_ct_CC='gcc'
ac_ct_CXX='g++'
ac_ct_F77='f77'
am__fastdepCC_FALSE='#'
am__fastdepCC_TRUE=''
am__fastdepCXX_FALSE='#'
am__fastdepCXX_TRUE=''
am__include='include'
am__isrc=''
am__leading_dot='.'
am__quote=''
am__tar='${AMTAR} chof - "$$tardir"'
am__untar='${AMTAR} xf -'
bindir='${exec_prefix}/bin'
build='x86_64-unknown-linux-gnu'
build_alias=''
build_cpu='x86_64'
build_os='linux-gnu'
build_vendor='unknown'
datadir='${datarootdir}'
datarootdir='${prefix}/share'
docdir='${datarootdir}/doc/${PACKAGE_TARNAME}'
dvidir='${docdir}'
exec_prefix='${prefix}'
host='x86_64-unknown-linux-gnu'
host_alias=''
host_cpu='x86_64'
host_os='linux-gnu'
host_vendor='unknown'
htmldir='${docdir}'
includedir='${prefix}/include'
infodir='${datarootdir}/info'
install_sh='$(SHELL) /home/lebackman/Desktop/RCSS/trilearnBaseUFABC-master/install-sh'
libdir='${exec_prefix}/lib'
libexecdir='${exec_prefix}/libexec'
localedir='${datarootdir}/locale'
localstatedir='${prefix}/var'
mandir='${datarootdir}/man'
mkdir_p='/usr/bin/mkdir -p'
oldincludedir='/usr/include'
pdfdir='${docdir}'
prefix='/usr/local'
program_transform_name='s,x,x,'
psdir='${docdir}'
sbindir='${exec_prefix}/sbin'
sharedstatedir='${prefix}/com'
sysconfdir='${prefix}/etc'
target_alias=''

## ----------- ##
## confdefs.h. ##
## ----------- ##

#define PACKAGE_NAME "trilearn__base_sources"
#define PACKAGE_TARNAME "trilearn__base_sources"
#define PACKAGE_VERSION "3.3"
#define PACKAGE_STRING "trilearn__base_sources 3.3"
#define PACKAGE_BUGREPORT "jellekok@science.uva.nl"
#define PACKAGE "trilearn_base_sources"
#define VERSION "3.3"
#define STDC_HEADERS 1
#define HAVE_SYS_TYPES_H 1
#define HAVE_SYS_STAT_H 1
#define HAVE_STDLIB_H 1
#define HAVE_STRING_H 1
#define HAVE_MEMORY_H 1
#define HAVE_STRINGS_H 1
#define HAVE_INTTYPES_H 1
#define HAVE_STDINT_H 1
#define HAVE_UNISTD_H 1
#define HAVE_DLFCN_H 1
#define HAVE_LIBPTHREAD 1
#define STDC_HEADERS 1
#define HAVE_ARPA_INET_H 1
#define HAVE_FCNTL_H 1
#define HAVE_NETDB_H 1
#define HAVE_STDLIB_H 1
#define HAVE_STRING_H 1
#define HAVE_STRINGS_H 1
#define HAVE_SYS_SOCKET_H 1
#define HAVE_SYS_TIME_H 1
#define HAVE_UNISTD_H 1
#define HAVE__BOOL 1
#define HAVE_STDBOOL_H 1
#define TIME_WITH_SYS_TIME 1
#define HAVE_SYS_SELECT_H 1
#define HAVE_SYS_SOCKET_H 1
#define SELECT_TYPE_ARG1 int
#define SELECT_TYPE_ARG234 (fd_set *)
#define SELECT_TYPE_ARG5 (struct timeval *)
#define HAVE_GETHOSTBYNAME 1
#define HAVE_GETTIMEOFDAY 1
#define HAVE_INET_NTOA 1
#define HAVE_SELECT 1
#define HAVE_SOCKET 1
#define HAVE_STRCASECMP 1
#define HAVE_STRDUP 1
#define HAVE_STRSTR 1

configure: exit 0
